<?xml version="1.0" encoding="UTF-8"?>
<testng-results ignored="0" total="1" passed="1" failed="0" skipped="0">
  <reporter-output>
  </reporter-output>
  <suite started-at="2022-07-24T18:24:26 AST" name="Default suite" finished-at="2022-07-24T18:25:05 AST" duration-ms="39358">
    <groups>
    </groups>
    <test started-at="2022-07-24T18:24:26 AST" name="Default test" finished-at="2022-07-24T18:25:05 AST" duration-ms="39358">
      <class name="Ass2XpathLocator.chromeWebDriver">
        <test-method signature="chrom()[pri:0, instance:Ass2XpathLocator.chromeWebDriver@d83da2e]" started-at="2022-07-24T18:24:26 AST" name="chrom" finished-at="2022-07-24T18:25:05 AST" duration-ms="39328" status="PASS">
          <reporter-output>
          </reporter-output>
        </test-method> <!-- chrom -->
      </class> <!-- Ass2XpathLocator.chromeWebDriver -->
    </test> <!-- Default test -->
  </suite> <!-- Default suite -->
</testng-results>
